<?xml version="1.0" encoding="UTF-8"?>
<!-- Generated by org.testng.reporters.JUnitReportReporter -->
<testsuite hostname="LAPTOP-QMM95P8M" name="testcase.Test1" tests="1" failures="0" timestamp="22 Mar 2020 08:14:45 GMT" time="20.365" errors="0">
  <testcase name="tc_02" time="20.365" classname="testcase.Test1"/>
</testsuite> <!-- testcase.Test1 -->
